<?xml version="1.0" encoding="UTF-8"?>
<!-- Generated by org.testng.reporters.JUnitXMLReporter -->
<testsuite hostname="a3837013.federated.fds" name="Default test" tests="3" failures="0" timestamp="29 Aug 2017 16:17:46 GMT" time="108.053" errors="0">
  <testcase name="testCreatePurchaseRequest" time="29.229" classname="com.runner.TestSuiteRunner"/>
  <testcase name="testValidatePurchaseFormInlineErrors" time="14.977" classname="com.runner.TestSuiteRunner"/>
  <testcase name="testValidatePurchaseFormLoaded" time="16.946" classname="com.runner.TestSuiteRunner"/>
</testsuite> <!-- Default test -->
